<?xml version="1.0" encoding="UTF-8"?>
<testsuite xmlns:xsi="http://www.w3.org/2001/XMLSchema-instance" xsi:noNamespaceSchemaLocation="https://maven.apache.org/surefire/maven-surefire-plugin/xsd/surefire-test-report-3.0.xsd" version="3.0" name="org.mps.ronqi2.ronQI2SilverTest" time="1.415" tests="10" errors="0" skipped="0" failures="0">
  <properties>
    <property name="java.specification.version" value="21"/>
    <property name="sun.cpu.isalist" value="amd64"/>
    <property name="sun.jnu.encoding" value="Cp1252"/>
    <property name="java.class.path" value="C:\Users\mvict\OneDrive\Documentos\GitHub\Practica-3\target\test-classes;C:\Users\mvict\OneDrive\Documentos\GitHub\Practica-3\target\classes;C:\Users\mvict\.m2\repository\org\junit\jupiter\junit-jupiter\5.10.1\junit-jupiter-5.10.1.jar;C:\Users\mvict\.m2\repository\org\junit\jupiter\junit-jupiter-api\5.10.1\junit-jupiter-api-5.10.1.jar;C:\Users\mvict\.m2\repository\org\opentest4j\opentest4j\1.3.0\opentest4j-1.3.0.jar;C:\Users\mvict\.m2\repository\org\junit\platform\junit-platform-commons\1.10.1\junit-platform-commons-1.10.1.jar;C:\Users\mvict\.m2\repository\org\apiguardian\apiguardian-api\1.1.2\apiguardian-api-1.1.2.jar;C:\Users\mvict\.m2\repository\org\junit\jupiter\junit-jupiter-params\5.10.1\junit-jupiter-params-5.10.1.jar;C:\Users\mvict\.m2\repository\org\junit\jupiter\junit-jupiter-engine\5.10.1\junit-jupiter-engine-5.10.1.jar;C:\Users\mvict\.m2\repository\org\junit\platform\junit-platform-engine\1.10.1\junit-platform-engine-1.10.1.jar;C:\Users\mvict\.m2\repository\org\mockito\mockito-core\5.7.0\mockito-core-5.7.0.jar;C:\Users\mvict\.m2\repository\net\bytebuddy\byte-buddy\1.14.9\byte-buddy-1.14.9.jar;C:\Users\mvict\.m2\repository\net\bytebuddy\byte-buddy-agent\1.14.9\byte-buddy-agent-1.14.9.jar;C:\Users\mvict\.m2\repository\org\objenesis\objenesis\3.3\objenesis-3.3.jar;C:\Users\mvict\.m2\repository\org\mockito\mockito-junit-jupiter\5.7.0\mockito-junit-jupiter-5.7.0.jar;"/>
    <property name="java.vm.vendor" value="Oracle Corporation"/>
    <property name="sun.arch.data.model" value="64"/>
    <property name="user.variant" value=""/>
    <property name="java.vendor.url" value="https://java.oracle.com/"/>
    <property name="user.timezone" value="Europe/Madrid"/>
    <property name="os.name" value="Windows 11"/>
    <property name="java.vm.specification.version" value="21"/>
    <property name="sun.java.launcher" value="SUN_STANDARD"/>
    <property name="user.country" value="ES"/>
    <property name="sun.boot.library.path" value="C:\Program Files\Java\jdk-21\bin"/>
    <property name="sun.java.command" value="C:\Users\mvict\AppData\Local\Temp\surefire9203876625146870720\surefirebooter-20240405121040686_3.jar C:\Users\mvict\AppData\Local\Temp\surefire9203876625146870720 2024-04-05T12-10-40_577-jvmRun1 surefire-20240405121040686_1tmp surefire_0-20240405121040686_2tmp"/>
    <property name="jdk.debug" value="release"/>
    <property name="surefire.test.class.path" value="C:\Users\mvict\OneDrive\Documentos\GitHub\Practica-3\target\test-classes;C:\Users\mvict\OneDrive\Documentos\GitHub\Practica-3\target\classes;C:\Users\mvict\.m2\repository\org\junit\jupiter\junit-jupiter\5.10.1\junit-jupiter-5.10.1.jar;C:\Users\mvict\.m2\repository\org\junit\jupiter\junit-jupiter-api\5.10.1\junit-jupiter-api-5.10.1.jar;C:\Users\mvict\.m2\repository\org\opentest4j\opentest4j\1.3.0\opentest4j-1.3.0.jar;C:\Users\mvict\.m2\repository\org\junit\platform\junit-platform-commons\1.10.1\junit-platform-commons-1.10.1.jar;C:\Users\mvict\.m2\repository\org\apiguardian\apiguardian-api\1.1.2\apiguardian-api-1.1.2.jar;C:\Users\mvict\.m2\repository\org\junit\jupiter\junit-jupiter-params\5.10.1\junit-jupiter-params-5.10.1.jar;C:\Users\mvict\.m2\repository\org\junit\jupiter\junit-jupiter-engine\5.10.1\junit-jupiter-engine-5.10.1.jar;C:\Users\mvict\.m2\repository\org\junit\platform\junit-platform-engine\1.10.1\junit-platform-engine-1.10.1.jar;C:\Users\mvict\.m2\repository\org\mockito\mockito-core\5.7.0\mockito-core-5.7.0.jar;C:\Users\mvict\.m2\repository\net\bytebuddy\byte-buddy\1.14.9\byte-buddy-1.14.9.jar;C:\Users\mvict\.m2\repository\net\bytebuddy\byte-buddy-agent\1.14.9\byte-buddy-agent-1.14.9.jar;C:\Users\mvict\.m2\repository\org\objenesis\objenesis\3.3\objenesis-3.3.jar;C:\Users\mvict\.m2\repository\org\mockito\mockito-junit-jupiter\5.7.0\mockito-junit-jupiter-5.7.0.jar;"/>
    <property name="sun.cpu.endian" value="little"/>
    <property name="user.home" value="C:\Users\mvict"/>
    <property name="user.language" value="es"/>
    <property name="java.specification.vendor" value="Oracle Corporation"/>
    <property name="java.version.date" value="2024-01-16"/>
    <property name="java.home" value="C:\Program Files\Java\jdk-21"/>
    <property name="file.separator" value="\"/>
    <property name="basedir" value="C:\Users\mvict\OneDrive\Documentos\GitHub\Practica-3"/>
    <property name="java.vm.compressedOopsMode" value="Zero based"/>
    <property name="line.separator" value="&#10;"/>
    <property name="java.vm.specification.vendor" value="Oracle Corporation"/>
    <property name="java.specification.name" value="Java Platform API Specification"/>
    <property name="surefire.real.class.path" value="C:\Users\mvict\AppData\Local\Temp\surefire9203876625146870720\surefirebooter-20240405121040686_3.jar"/>
    <property name="user.script" value=""/>
    <property name="sun.management.compiler" value="HotSpot 64-Bit Tiered Compilers"/>
    <property name="java.runtime.version" value="21.0.2+13-LTS-58"/>
    <property name="user.name" value="mvict"/>
    <property name="stdout.encoding" value="Cp1252"/>
    <property name="path.separator" value=";"/>
    <property name="os.version" value="10.0"/>
    <property name="java.runtime.name" value="Java(TM) SE Runtime Environment"/>
    <property name="file.encoding" value="UTF-8"/>
    <property name="java.vm.name" value="Java HotSpot(TM) 64-Bit Server VM"/>
    <property name="localRepository" value="C:\Users\mvict\.m2\repository"/>
    <property name="java.vendor.url.bug" value="https://bugreport.java.com/bugreport/"/>
    <property name="java.io.tmpdir" value="C:\Users\mvict\AppData\Local\Temp\"/>
    <property name="java.version" value="21.0.2"/>
    <property name="user.dir" value="C:\Users\mvict\OneDrive\Documentos\GitHub\Practica-3"/>
    <property name="os.arch" value="amd64"/>
    <property name="java.vm.specification.name" value="Java Virtual Machine Specification"/>
    <property name="sun.os.patch.level" value=""/>
    <property name="native.encoding" value="Cp1252"/>
    <property name="java.library.path" value="C:\Program Files\Java\jdk-21\bin;C:\WINDOWS\Sun\Java\bin;C:\WINDOWS\system32;C:\WINDOWS;C:\Python312\Scripts\;C:\Python312\;C:\UNIVERSIDAD\mingw\MinGW\mingw64\bin;C:\apache-maven-3.9.6\bin;C:\Program Files\Common Files\Oracle\Java\javapath;C:\Program Files (x86)\Common Files\Oracle\Java\javapath;C:\Program Files\Haskell\bin;C:\UNIVERSIDAD\Haskell\8.6.5\lib\extralibs\bin;C:\UNIVERSIDAD\Haskell\8.6.5\bin;C:\ProgramData\Oracle\Java\javapath;C:\WINDOWS\system32;C:\WINDOWS;C:\WINDOWS\System32\Wbem;C:\WINDOWS\System32\WindowsPowerShell\v1.0\;C:\WINDOWS\System32\OpenSSH\;C:\Program Files\dotnet\;C:\UNIVERSIDAD\Haskell\8.6.5\mingw\bin;C:\yagarto-20121222\bin;C:\Program Files (x86)\Microsoft SQL Server\Client SDK\ODBC\110\Tools\Binn\;C:\Program Files (x86)\Microsoft SQL Server\120\Tools\Binn\ManagementStudio\;C:\Program Files (x86)\Microsoft SQL Server\120\Tools\Binn\;C:\Program Files (x86)\Microsoft SQL Server\120\DTS\Binn\;C:\Program Files\Calibre2\;C:\UNIVERSIDAD\Git\Git\cmd;C:\ProgramData\chocolatey\bin;C:\Program Files\nodejs\;C:\Users\mvict\AppData\Roaming\npm;C:\Program Files\MySQL\MySQL Utilities 1.6\;C:\Users\mvict\AppData\Local\Programs\Python\Python311\Scripts\;C:\Users\mvict\AppData\Local\Programs\Python\Python311\;C:\Users\mvict\AppData\Roaming\cabal\bin;C:\Users\mvict\AppData\Roaming\local\bin;C:\Users\mvict\AppData\Local\Microsoft\WindowsApps;C:\Users\mvict\AppData\Local\Programs\Microsoft VS Code\bin;C:\yagarto-20121222\bin;C:\UNIVERSIDAD\IntelliJ\IntelliJ IDEA Community Edition 2022.2.3\bin;;C:\Users\mvict\AppData\Local\GitHubDesktop\bin;C:\pycharm\PyCharm Community Edition 2023.1.3\bin;;C:\Program Files\JetBrains\IntelliJ IDEA 2023.3.4\bin;;C:\Users\mvict\AppData\Roaming\npm;."/>
    <property name="java.vm.info" value="mixed mode, sharing"/>
    <property name="stderr.encoding" value="Cp1252"/>
    <property name="java.vendor" value="Oracle Corporation"/>
    <property name="java.vm.version" value="21.0.2+13-LTS-58"/>
    <property name="sun.io.unicode.encoding" value="UnicodeLittle"/>
    <property name="java.class.version" value="65.0"/>
  </properties>
  <testcase name="inicializar_TodoTrue_ReturnsTrue" classname="org.mps.ronqi2.ronQI2SilverTest" time="1.295">
    <system-err><![CDATA[WARNING: A Java agent has been loaded dynamically (C:\Users\mvict\.m2\repository\net\bytebuddy\byte-buddy-agent\1.14.9\byte-buddy-agent-1.14.9.jar)
WARNING: If a serviceability tool is in use, please run with -XX:+EnableDynamicAgentLoading to hide this warning
WARNING: If a serviceability tool is not in use, please run with -Djdk.instrument.traceUsage for more information
WARNING: Dynamic loading of agents will be disallowed by default in a future release
]]></system-err>
  </testcase>
  <testcase name="reconectar_DispositivoConectado_NoLlamaConectarSensorPresionYConectarSensorSonido" classname="org.mps.ronqi2.ronQI2SilverTest" time="0.016"/>
  <testcase name="inicializar_ConectarSensorPresionFalse_ReturnsFalse" classname="org.mps.ronqi2.ronQI2SilverTest" time="0.0"/>
  <testcase name="inicializar_TodoTrue_LlamaUnaVezConfigurarSensorPresion" classname="org.mps.ronqi2.ronQI2SilverTest" time="0.0"/>
  <testcase name="inicializar_ConectarSensorSonidoFalse_ReturnsFalse" classname="org.mps.ronqi2.ronQI2SilverTest" time="0.0"/>
  <testcase name="reconectar_ConectarSensorPresionFalse_ReturnsFalse" classname="org.mps.ronqi2.ronQI2SilverTest" time="0.0"/>
  <testcase name="inicializar_ConfigurarSensorSonidoFalse_ReturnsFalse" classname="org.mps.ronqi2.ronQI2SilverTest" time="0.001"/>
  <testcase name="reconectar_ConectarSensorSonidoFalse_ReturnsFalse" classname="org.mps.ronqi2.ronQI2SilverTest" time="0.0"/>
  <testcase name="inicializar_ConfigurarSensorPresionFalse_ReturnsFalse" classname="org.mps.ronqi2.ronQI2SilverTest" time="0.0"/>
  <testcase name="reconectar_DispositivoDesconectado_LlamaConectarSensorPresionYConectarSensorSonido" classname="org.mps.ronqi2.ronQI2SilverTest" time="0.016"/>
</testsuite>